--------1
--------2
--------3
---BC---4
---CB---5
--------6
--------7
--------8
abcdefgh
? 0
--------1
--------2
--------3
---BC---4
---CB---5
--------6
--------7
--------8
abcdefgh
? 0
--------1
--------2
--------3
---BC---4
---CB---5
--------6
--------7
--------8
abcdefgh
? 0
--------1
--------2
--------3
---BC---4
---CB---5
--------6
--------7
--------8
abcdefgh
? 0
--------1
--------2
--------3
---BC---4
---CB---5
--------6
--------7
--------8
abcdefgh
? 0
--------1
--------2
--------3
---BC---4
---CB---5
--------6
--------7
--------8
abcdefgh
? 0
--------1
--------2
--------3
---BC---4
---CB---5
--------6
--------7
--------8
abcdefgh
c4 c3 0
--------1
--------2
--B-----3
--CBC---4
---CB---5
--------6
--------7
--------8
abcdefgh
? 0
--------1
--------2
--B-----3
--CBC---4
---CB---5
--------6
--------7
--------8
abcdefgh
d3 e3 -2
--------1
--------2
--BBB---3
--CCB---4
---CB---5
--------6
--------7
--------8
abcdefgh
f2 b4 -4
--------1
-----C--2
--BBC---3
-BBBB---4
---CB---5
--------6
--------7
--------8
abcdefgh
