--------1
--------2
--------3
---BC---4
---CB---5
--------6
--------7
--------8
abcdefgh
? 0
--------1
--------2
--------3
---BC---4
---CB---5
--------6
--------7
--------8
abcdefgh
? 0
--------1
--------2
--------3
---BC---4
---CB---5
--------6
--------7
--------8
abcdefgh
? 0
--------1
--------2
--------3
---BC---4
---CB---5
--------6
--------7
--------8
abcdefgh
? 0
--------1
--------2
--------3
---BC---4
---CB---5
--------6
--------7
--------8
abcdefgh
c4 c3 0
--------1
--------2
--B-----3
--CBC---4
---CB---5
--------6
--------7
--------8
abcdefgh
? 0
--------1
--------2
--B-----3
--CBC---4
---CB---5
--------6
--------7
--------8
abcdefgh
d3 e3 -2
--------1
--------2
--BBB---3
--CCB---4
---CB---5
--------6
--------7
--------8
abcdefgh
e2 c5 -6
--------1
----C---2
--BCB---3
--BBB---4
--BBB---5
--------6
--------7
--------8
abcdefgh
e6 f3 -6
--------1
----C---2
--BBBB--3
--BBB---4
--BBC---5
----C---6
--------7
--------8
abcdefgh
b2 e7 -6
--------1
-C--C---2
--CBBB--3
--BCB---4
--BBB---5
----B---6
----B---7
--------8
abcdefgh
f6 d1 -6
---B----1
-C--B---2
--CBBB--3
--BCB---4
--BBC---5
----BC--6
----B---7
--------8
abcdefgh
f2 g1 -10
---B--B-1
-C--BB--2
--CBBB--3
--BBB---4
--BBC---5
----BC--6
----B---7
--------8
abcdefgh
d8 a1 -12
B--B--B-1
-B--BB--2
--BBBB--3
--BBB---4
--BBC---5
----BC--6
----C---7
---C----8
abcdefgh
? -12
B--B--B-1
-B--BB--2
--BBBB--3
--BBB---4
--BBC---5
----BC--6
----C---7
---C----8
abcdefgh
? -12
B--B--B-1
-B--BB--2
--BBBB--3
--BBB---4
--BBC---5
----BC--6
----C---7
---C----8
abcdefgh
? -12
B--B--B-1
-B--BB--2
--BBBB--3
--BBB---4
--BBC---5
----BC--6
----C---7
---C----8
abcdefgh
? -12
B--B--B-1
-B--BB--2
--BBBB--3
--BBB---4
--BBC---5
----BC--6
----C---7
---C----8
abcdefgh
? -12
B--B--B-1
-B--BB--2
--BBBB--3
--BBB---4
--BBC---5
----BC--6
----C---7
---C----8
abcdefgh
? -12
B--B--B-1
-B--BB--2
--BBBB--3
--BBB---4
--BBC---5
----BC--6
----C---7
---C----8
abcdefgh
? -12
B--B--B-1
-B--BB--2
--BBBB--3
--BBB---4
--BBC---5
----BC--6
----C---7
---C----8
abcdefgh
? -12
B--B--B-1
-B--BB--2
--BBBB--3
--BBB---4
--BBC---5
----BC--6
----C---7
---C----8
abcdefgh
? -12
B--B--B-1
-B--BB--2
--BBBB--3
--BBB---4
--BBC---5
----BC--6
----C---7
---C----8
abcdefgh
